<?xml version="1.0" encoding="UTF-8"?>
<!-- Generated by org.testng.reporters.JUnitReportReporter -->
<testsuite hostname="DESKTOP-4M14A0P" failures="0" tests="1" name="driverFactory.AppTest" time="16.784" errors="0" timestamp="2023-04-20T12:14:29 IST" skipped="0">
  <testcase classname="driverFactory.AppTest" name="startTest" time="16.784"/>
  <system-out>
    <![CDATA[No of rows in TCSheet::4  No of rows in TSSheet::10
Login Success::adminflow     http://primusbank.qedgetech.com/adminflow.aspx
Branch updated Sucessfully
Logout sccess]]>
  </system-out>
</testsuite> <!-- driverFactory.AppTest -->
